0 info it worked if it ends with ok
1 verbose cli [ '/usr/bin/node', '/usr/bin/npm', 'run', 'sass' ]
2 info using npm@3.5.2
3 info using node@v8.10.0
4 verbose run-script [ 'presass', 'sass', 'postsass' ]
5 info lifecycle main_portfolio@1.0.0~presass: main_portfolio@1.0.0
6 silly lifecycle main_portfolio@1.0.0~presass: no script for presass, continuing
7 info lifecycle main_portfolio@1.0.0~sass: main_portfolio@1.0.0
8 verbose lifecycle main_portfolio@1.0.0~sass: unsafe-perm in lifecycle true
9 verbose lifecycle main_portfolio@1.0.0~sass: PATH: /usr/share/npm/bin/node-gyp-bin:/home/tim8/Desktop/My-Portfolio/node_modules/.bin:/home/tim8/.local/bin:/usr/local/sbin:/usr/local/bin:/usr/sbin:/usr/bin:/sbin:/bin:/usr/games:/usr/local/games:/snap/bin
10 verbose lifecycle main_portfolio@1.0.0~sass: CWD: /home/tim8/Desktop/My-Portfolio
11 silly lifecycle main_portfolio@1.0.0~sass: Args: [ '-c', 'node-sass -w scss/ -o Main/css/ --recursive' ]
12 silly lifecycle main_portfolio@1.0.0~sass: Returned: code: 1  signal: null
13 info lifecycle main_portfolio@1.0.0~sass: Failed to exec sass script
14 verbose stack Error: main_portfolio@1.0.0 sass: `node-sass -w scss/ -o Main/css/ --recursive`
14 verbose stack Exit status 1
14 verbose stack     at EventEmitter.<anonymous> (/usr/share/npm/lib/utils/lifecycle.js:232:16)
14 verbose stack     at emitTwo (events.js:126:13)
14 verbose stack     at EventEmitter.emit (events.js:214:7)
14 verbose stack     at ChildProcess.<anonymous> (/usr/share/npm/lib/utils/spawn.js:24:14)
14 verbose stack     at emitTwo (events.js:126:13)
14 verbose stack     at ChildProcess.emit (events.js:214:7)
14 verbose stack     at maybeClose (internal/child_process.js:925:16)
14 verbose stack     at Process.ChildProcess._handle.onexit (internal/child_process.js:209:5)
15 verbose pkgid main_portfolio@1.0.0
16 verbose cwd /home/tim8/Desktop/My-Portfolio
17 error Linux 4.15.0-45-generic
18 error argv "/usr/bin/node" "/usr/bin/npm" "run" "sass"
19 error node v8.10.0
20 error npm  v3.5.2
21 error code ELIFECYCLE
22 error main_portfolio@1.0.0 sass: `node-sass -w scss/ -o Main/css/ --recursive`
22 error Exit status 1
23 error Failed at the main_portfolio@1.0.0 sass script 'node-sass -w scss/ -o Main/css/ --recursive'.
23 error Make sure you have the latest version of node.js and npm installed.
23 error If you do, this is most likely a problem with the main_portfolio package,
23 error not with npm itself.
23 error Tell the author that this fails on your system:
23 error     node-sass -w scss/ -o Main/css/ --recursive
23 error You can get information on how to open an issue for this project with:
23 error     npm bugs main_portfolio
23 error Or if that isn't available, you can get their info via:
23 error     npm owner ls main_portfolio
23 error There is likely additional logging output above.
24 verbose exit [ 1, true ]
